2026-05-06 09:18:20,815 - main - INFO - === Logging system initialized ===
2026-05-06 09:18:20,815 - main - INFO - Log file: logs/app_20260506_091820.log
2026-05-06 09:18:20,815 - main - INFO - Log level: INFO
2026-05-06 09:18:20,815 - main - INFO - Timestamp: 20260506_091820
2026-05-06 09:18:21,737 - main - INFO - Included router: routers.aihub.router
2026-05-06 09:18:21,804 - main - INFO - Included router: routers.app_sessions.router
2026-05-06 09:18:21,820 - main - INFO - Included router: routers.auth.router
2026-05-06 09:18:21,822 - main - INFO - Included router: routers.health.router
2026-05-06 09:18:21,879 - main - INFO - Included router: routers.messages.router
2026-05-06 09:18:21,934 - main - INFO - Included router: routers.plan_annotations.router
2026-05-06 09:18:21,956 - main - INFO - Included router: routers.settings.router
2026-05-06 09:18:22,002 - main - INFO - Included router: routers.storage.router
2026-05-06 09:18:22,050 - main - INFO - Included router: routers.user.router
2026-05-06 09:18:22,053 - main - INFO - === Application startup initiated ===
2026-05-06 09:18:22,054 - services.database - INFO - Ignore creating tables
2026-05-06 09:18:22,054 - services.mock_data - INFO - Ignore initialize data
2026-05-06 09:18:22,054 - services.auth - INFO - Ignore initialize admin
2026-05-06 09:18:22,054 - main - INFO - === Application startup completed successfully ===
2026-05-06 09:20:05,971 - dependencies.auth - DEBUG - Authentication required for request GET /api/v1/auth/me
2026-05-06 09:20:06,324 - dependencies.auth - DEBUG - Authentication required for request GET /api/v1/entities/messages
2026-05-06 09:20:06,651 - dependencies.auth - DEBUG - Authentication required for request GET /api/v1/entities/plan_annotations
2026-05-06 09:20:07,130 - dependencies.auth - DEBUG - Authentication required for request GET /api/v1/entities/app_sessions
2026-05-06 09:20:08,452 - dependencies.auth - DEBUG - Authentication required for request POST /api/v1/entities/app_sessions
2026-05-06 09:20:15,235 - core.config - DEBUG - Read dynamic attribute frontend_url from environment variable FRONTEND_URL
2026-05-06 09:20:15,235 - core.config - DEBUG - Read dynamic attribute oidc_issuer_url from environment variable OIDC_ISSUER_URL
2026-05-06 09:20:15,541 - dependencies.auth - DEBUG - Authentication required for request GET /api/v1/auth/me
2026-05-06 09:20:18,852 - dependencies.auth - DEBUG - Authentication required for request GET /api/v1/auth/me
2026-05-06 09:20:19,163 - dependencies.auth - DEBUG - Authentication required for request GET /api/v1/entities/messages
2026-05-06 09:20:19,456 - dependencies.auth - DEBUG - Authentication required for request GET /api/v1/entities/plan_annotations
2026-05-06 09:20:19,764 - dependencies.auth - DEBUG - Authentication required for request GET /api/v1/entities/app_sessions
2026-05-06 09:20:21,078 - dependencies.auth - DEBUG - Authentication required for request POST /api/v1/entities/app_sessions
2026-05-06 09:20:24,122 - dependencies.auth - DEBUG - Authentication required for request GET /api/v1/auth/me
2026-05-06 09:20:27,562 - dependencies.auth - DEBUG - Authentication required for request GET /api/v1/auth/me
2026-05-06 09:20:27,873 - dependencies.auth - DEBUG - Authentication required for request GET /api/v1/entities/messages
2026-05-06 09:20:28,163 - dependencies.auth - DEBUG - Authentication required for request GET /api/v1/entities/plan_annotations
2026-05-06 09:20:28,463 - dependencies.auth - DEBUG - Authentication required for request GET /api/v1/entities/app_sessions
2026-05-06 09:20:29,785 - dependencies.auth - DEBUG - Authentication required for request POST /api/v1/entities/app_sessions
2026-05-06 09:21:04,451 - dependencies.auth - DEBUG - Authentication required for request GET /api/v1/auth/me
2026-05-06 09:21:04,821 - dependencies.auth - DEBUG - Authentication required for request GET /api/v1/entities/messages
2026-05-06 09:21:05,113 - dependencies.auth - DEBUG - Authentication required for request GET /api/v1/entities/plan_annotations
2026-05-06 09:21:05,423 - dependencies.auth - DEBUG - Authentication required for request GET /api/v1/entities/app_sessions
2026-05-06 09:21:06,761 - dependencies.auth - DEBUG - Authentication required for request POST /api/v1/entities/app_sessions
2026-05-06 09:23:16,821 - dependencies.auth - DEBUG - Authentication required for request GET /api/v1/auth/me
2026-05-06 09:23:16,938 - dependencies.auth - DEBUG - Authentication required for request GET /api/v1/entities/messages
2026-05-06 09:23:16,950 - dependencies.auth - DEBUG - Authentication required for request GET /api/v1/entities/plan_annotations
2026-05-06 09:23:16,974 - dependencies.auth - DEBUG - Authentication required for request GET /api/v1/entities/app_sessions
2026-05-06 09:23:18,983 - dependencies.auth - DEBUG - Authentication required for request GET /api/v1/auth/me
2026-05-06 09:23:19,416 - dependencies.auth - DEBUG - Authentication required for request GET /api/v1/entities/messages
2026-05-06 09:23:19,737 - dependencies.auth - DEBUG - Authentication required for request GET /api/v1/entities/plan_annotations
2026-05-06 09:23:20,076 - dependencies.auth - DEBUG - Authentication required for request GET /api/v1/entities/app_sessions
2026-05-06 09:23:21,435 - dependencies.auth - DEBUG - Authentication required for request POST /api/v1/entities/app_sessions
2026-05-06 09:23:54,087 - dependencies.auth - DEBUG - Authentication required for request GET /api/v1/auth/me
2026-05-06 09:23:57,739 - dependencies.auth - DEBUG - Authentication required for request GET /api/v1/auth/me
2026-05-06 09:23:58,086 - dependencies.auth - DEBUG - Authentication required for request GET /api/v1/entities/messages
2026-05-06 09:23:58,410 - dependencies.auth - DEBUG - Authentication required for request GET /api/v1/entities/plan_annotations
2026-05-06 09:23:58,746 - dependencies.auth - DEBUG - Authentication required for request GET /api/v1/entities/app_sessions
2026-05-06 09:24:00,159 - dependencies.auth - DEBUG - Authentication required for request POST /api/v1/entities/app_sessions
2026-05-06 09:24:01,291 - services.database - DEBUG - [DB_OP] Starting database close
2026-05-06 09:24:01,292 - services.database - INFO - Database connections closed
2026-05-06 09:24:01,292 - services.database - DEBUG - [DB_OP] Database close completed in 0.0008s
