2026-05-06 09:24:12,727 - main - INFO - === Logging system initialized ===
2026-05-06 09:24:12,727 - main - INFO - Log file: logs/app_20260506_092412.log
2026-05-06 09:24:12,727 - main - INFO - Log level: INFO
2026-05-06 09:24:12,728 - main - INFO - Timestamp: 20260506_092412
2026-05-06 09:24:13,862 - main - INFO - Included router: routers.aihub.router
2026-05-06 09:24:13,921 - main - INFO - Included router: routers.app_sessions.router
2026-05-06 09:24:13,934 - main - INFO - Included router: routers.auth.router
2026-05-06 09:24:13,936 - main - INFO - Included router: routers.health.router
2026-05-06 09:24:13,985 - main - INFO - Included router: routers.messages.router
2026-05-06 09:24:14,036 - main - INFO - Included router: routers.plan_annotations.router
2026-05-06 09:24:14,059 - main - INFO - Included router: routers.settings.router
2026-05-06 09:24:14,093 - main - INFO - Included router: routers.storage.router
2026-05-06 09:24:14,100 - main - INFO - Included router: routers.user.router
2026-05-06 09:24:14,102 - main - INFO - === Application startup initiated ===
2026-05-06 09:24:14,102 - services.database - INFO - Ignore creating tables
2026-05-06 09:24:14,102 - services.mock_data - INFO - Ignore initialize data
2026-05-06 09:24:14,102 - services.auth - INFO - Ignore initialize admin
2026-05-06 09:24:14,102 - main - INFO - === Application startup completed successfully ===
2026-05-06 09:24:18,560 - dependencies.auth - DEBUG - Authentication required for request GET /api/v1/auth/me
2026-05-06 09:24:18,910 - dependencies.auth - DEBUG - Authentication required for request GET /api/v1/entities/messages
2026-05-06 09:24:19,265 - dependencies.auth - DEBUG - Authentication required for request GET /api/v1/entities/plan_annotations
2026-05-06 09:24:19,613 - dependencies.auth - DEBUG - Authentication required for request GET /api/v1/entities/app_sessions
2026-05-06 09:24:20,967 - dependencies.auth - DEBUG - Authentication required for request POST /api/v1/entities/app_sessions
2026-05-06 09:24:35,570 - core.config - DEBUG - Read dynamic attribute frontend_url from environment variable FRONTEND_URL
2026-05-06 09:24:35,570 - core.config - DEBUG - Read dynamic attribute oidc_issuer_url from environment variable OIDC_ISSUER_URL
2026-05-06 09:24:35,901 - dependencies.auth - DEBUG - Authentication required for request GET /api/v1/auth/me
2026-05-06 09:24:39,507 - dependencies.auth - DEBUG - Authentication required for request GET /api/v1/auth/me
2026-05-06 09:24:39,854 - dependencies.auth - DEBUG - Authentication required for request GET /api/v1/entities/messages
2026-05-06 09:24:40,182 - dependencies.auth - DEBUG - Authentication required for request GET /api/v1/entities/plan_annotations
2026-05-06 09:24:40,505 - dependencies.auth - DEBUG - Authentication required for request GET /api/v1/entities/app_sessions
2026-05-06 09:24:41,852 - dependencies.auth - DEBUG - Authentication required for request POST /api/v1/entities/app_sessions
2026-05-06 09:26:36,013 - dependencies.auth - DEBUG - Authentication required for request GET /api/v1/auth/me
2026-05-06 09:26:36,114 - dependencies.auth - DEBUG - Authentication required for request GET /api/v1/entities/messages
2026-05-06 09:26:36,124 - dependencies.auth - DEBUG - Authentication required for request GET /api/v1/entities/plan_annotations
2026-05-06 09:26:36,146 - dependencies.auth - DEBUG - Authentication required for request GET /api/v1/entities/app_sessions
2026-05-06 09:26:38,301 - dependencies.auth - DEBUG - Authentication required for request GET /api/v1/auth/me
2026-05-06 09:26:38,551 - dependencies.auth - DEBUG - Authentication required for request GET /api/v1/entities/messages
2026-05-06 09:26:38,817 - dependencies.auth - DEBUG - Authentication required for request GET /api/v1/entities/plan_annotations
2026-05-06 09:26:39,054 - dependencies.auth - DEBUG - Authentication required for request GET /api/v1/entities/app_sessions
2026-05-06 09:26:40,312 - dependencies.auth - DEBUG - Authentication required for request POST /api/v1/entities/app_sessions
2026-05-06 09:27:18,705 - services.database - DEBUG - [DB_OP] Starting database close
2026-05-06 09:27:18,705 - services.database - INFO - Database connections closed
2026-05-06 09:27:18,705 - services.database - DEBUG - [DB_OP] Database close completed in 0.0004s
