2026-05-06 09:48:57,698 - main - INFO - === Logging system initialized ===
2026-05-06 09:48:57,699 - main - INFO - Log file: logs/app_20260506_094857.log
2026-05-06 09:48:57,700 - main - INFO - Log level: INFO
2026-05-06 09:48:57,700 - main - INFO - Timestamp: 20260506_094857
2026-05-06 09:48:58,593 - main - INFO - Included router: routers.aihub.router
2026-05-06 09:48:58,664 - main - INFO - Included router: routers.app_sessions.router
2026-05-06 09:48:58,680 - main - INFO - Included router: routers.auth.router
2026-05-06 09:48:58,682 - main - INFO - Included router: routers.health.router
2026-05-06 09:48:58,737 - main - INFO - Included router: routers.messages.router
2026-05-06 09:48:58,792 - main - INFO - Included router: routers.plan_annotations.router
2026-05-06 09:48:58,815 - main - INFO - Included router: routers.settings.router
2026-05-06 09:48:58,858 - main - INFO - Included router: routers.storage.router
2026-05-06 09:48:58,870 - main - INFO - Included router: routers.user.router
2026-05-06 09:48:58,872 - main - INFO - === Application startup initiated ===
2026-05-06 09:48:58,872 - services.database - INFO - Ignore creating tables
2026-05-06 09:48:58,872 - services.mock_data - INFO - Ignore initialize data
2026-05-06 09:48:58,872 - services.auth - INFO - Ignore initialize admin
2026-05-06 09:48:58,872 - main - INFO - === Application startup completed successfully ===
2026-05-06 09:49:12,401 - dependencies.auth - DEBUG - Authentication required for request GET /api/v1/auth/me
2026-05-06 09:51:29,086 - dependencies.auth - DEBUG - Authentication required for request GET /api/v1/auth/me
2026-05-06 09:56:42,309 - dependencies.auth - DEBUG - Authentication required for request GET /api/v1/auth/me
2026-05-06 09:56:42,324 - dependencies.auth - DEBUG - Authentication required for request GET /api/v1/auth/me
2026-05-06 09:57:23,826 - services.database - DEBUG - [DB_OP] Starting database close
2026-05-06 09:57:23,827 - services.database - INFO - Database connections closed
2026-05-06 09:57:23,828 - services.database - DEBUG - [DB_OP] Database close completed in 0.0015s
