2026-05-06 09:17:53,681 - main - INFO - === Logging system initialized ===
2026-05-06 09:17:53,682 - main - INFO - Log file: logs/app_20260506_091753.log
2026-05-06 09:17:53,683 - main - INFO - Log level: INFO
2026-05-06 09:17:53,683 - main - INFO - Timestamp: 20260506_091753
2026-05-06 09:17:54,925 - main - INFO - Included router: routers.aihub.router
2026-05-06 09:17:55,140 - main - INFO - Included router: routers.app_sessions.router
2026-05-06 09:17:55,156 - main - INFO - Included router: routers.auth.router
2026-05-06 09:17:55,159 - main - INFO - Included router: routers.health.router
2026-05-06 09:17:55,314 - main - INFO - Included router: routers.messages.router
2026-05-06 09:17:55,456 - main - INFO - Included router: routers.plan_annotations.router
2026-05-06 09:17:55,477 - main - INFO - Included router: routers.settings.router
2026-05-06 09:17:55,516 - main - INFO - Included router: routers.storage.router
2026-05-06 09:17:55,525 - main - INFO - Included router: routers.user.router
2026-05-06 09:17:55,527 - main - INFO - === Application startup initiated ===
2026-05-06 09:17:55,527 - services.database - INFO - Ignore creating tables
2026-05-06 09:17:55,527 - services.mock_data - INFO - Ignore initialize data
2026-05-06 09:17:55,527 - services.auth - INFO - Ignore initialize admin
2026-05-06 09:17:55,527 - main - INFO - === Application startup completed successfully ===
2026-05-06 09:17:59,876 - dependencies.auth - DEBUG - Authentication required for request GET /api/v1/auth/me
2026-05-06 09:18:00,109 - dependencies.auth - DEBUG - Authentication required for request GET /api/v1/entities/messages
2026-05-06 09:18:00,383 - dependencies.auth - DEBUG - Authentication required for request GET /api/v1/entities/plan_annotations
2026-05-06 09:18:00,602 - dependencies.auth - DEBUG - Authentication required for request GET /api/v1/entities/app_sessions
2026-05-06 09:18:01,895 - dependencies.auth - DEBUG - Authentication required for request POST /api/v1/entities/app_sessions
2026-05-06 09:18:05,928 - core.config - DEBUG - Read dynamic attribute frontend_url from environment variable FRONTEND_URL
2026-05-06 09:18:05,928 - core.config - DEBUG - Read dynamic attribute oidc_issuer_url from environment variable OIDC_ISSUER_URL
2026-05-06 09:18:06,156 - dependencies.auth - DEBUG - Authentication required for request GET /api/v1/auth/me
2026-05-06 09:18:09,206 - services.database - DEBUG - [DB_OP] Starting database close
2026-05-06 09:18:09,206 - services.database - INFO - Database connections closed
2026-05-06 09:18:09,206 - services.database - DEBUG - [DB_OP] Database close completed in 0.0006s
