2026-05-06 09:08:02,964 - main - INFO - === Logging system initialized ===
2026-05-06 09:08:02,964 - main - INFO - Log file: logs/app_20260506_090802.log
2026-05-06 09:08:02,964 - main - INFO - Log level: INFO
2026-05-06 09:08:02,965 - main - INFO - Timestamp: 20260506_090802
2026-05-06 09:08:09,136 - main - INFO - Included router: routers.aihub.router
2026-05-06 09:08:09,312 - main - INFO - Included router: routers.auth.router
2026-05-06 09:08:09,359 - main - INFO - Included router: routers.health.router
2026-05-06 09:08:09,497 - main - INFO - Included router: routers.settings.router
2026-05-06 09:08:09,690 - main - INFO - Included router: routers.storage.router
2026-05-06 09:08:09,762 - main - INFO - Included router: routers.user.router
2026-05-06 09:08:09,764 - main - INFO - === Application startup initiated ===
2026-05-06 09:08:09,764 - services.database - INFO - Ignore creating tables
2026-05-06 09:08:09,764 - services.mock_data - INFO - Ignore initialize data
2026-05-06 09:08:09,765 - services.auth - INFO - Ignore initialize admin
2026-05-06 09:08:09,765 - main - INFO - === Application startup completed successfully ===
2026-05-06 09:15:51,792 - dependencies.auth - DEBUG - Authentication required for request GET /api/v1/auth/me
2026-05-06 09:16:53,895 - dependencies.auth - DEBUG - Authentication required for request GET /api/v1/auth/me
2026-05-06 09:17:22,861 - dependencies.auth - DEBUG - Authentication required for request GET /api/v1/auth/me
2026-05-06 09:17:25,351 - dependencies.auth - DEBUG - Authentication required for request GET /api/v1/auth/me
2026-05-06 09:17:42,131 - services.database - DEBUG - [DB_OP] Starting database close
2026-05-06 09:17:42,132 - services.database - INFO - Database connections closed
2026-05-06 09:17:42,132 - services.database - DEBUG - [DB_OP] Database close completed in 0.0006s
